<?xml version="1.0" encoding="UTF-8"?>
<testng-results ignored="0" total="12" passed="11" failed="1" skipped="0">
  <reporter-output>
  </reporter-output>
  <suite started-at="2024-12-19T23:07:05 IST" name="Suite" finished-at="2024-12-19T23:09:30 IST" duration-ms="144672">
    <groups>
    </groups>
    <test started-at="2024-12-19T23:07:05 IST" name="Test" finished-at="2024-12-19T23:09:30 IST" duration-ms="144672">
      <class name="testCases.TC101_SignUpTest">
        <test-method is-config="true" signature="setup(java.lang.String,java.lang.String)[pri:0, instance:testCases.TC101_SignUpTest@4ae9cfc1]" started-at="2024-12-19T23:07:06 IST" name="setup" finished-at="2024-12-19T23:07:10 IST" duration-ms="4496" status="PASS">
          <params>
            <param index="0">
              <value>
                <![CDATA[Windows]]>
              </value>
            </param>
            <param index="1">
              <value>
                <![CDATA[chrome]]>
              </value>
            </param>
          </params>
          <reporter-output>
          </reporter-output>
        </test-method> <!-- setup -->
        <test-method signature="testSignUpRedirection()[pri:0, instance:testCases.TC101_SignUpTest@4ae9cfc1]" started-at="2024-12-19T23:07:10 IST" name="testSignUpRedirection" finished-at="2024-12-19T23:07:14 IST" duration-ms="3891" status="PASS">
          <reporter-output>
          </reporter-output>
        </test-method> <!-- testSignUpRedirection -->
        <test-method is-config="true" signature="teardown()[pri:0, instance:testCases.TC101_SignUpTest@4ae9cfc1]" started-at="2024-12-19T23:07:14 IST" name="teardown" finished-at="2024-12-19T23:07:14 IST" duration-ms="376" status="PASS">
          <reporter-output>
          </reporter-output>
        </test-method> <!-- teardown -->
      </class> <!-- testCases.TC101_SignUpTest -->
      <class name="testCases.TC105_ContactEditingTest">
        <test-method is-config="true" signature="setup(java.lang.String,java.lang.String)[pri:0, instance:testCases.TC105_ContactEditingTest@5ddf0d24]" started-at="2024-12-19T23:08:26 IST" name="setup" finished-at="2024-12-19T23:08:29 IST" duration-ms="2706" status="PASS">
          <params>
            <param index="0">
              <value>
                <![CDATA[Windows]]>
              </value>
            </param>
            <param index="1">
              <value>
                <![CDATA[chrome]]>
              </value>
            </param>
          </params>
          <reporter-output>
          </reporter-output>
        </test-method> <!-- setup -->
        <test-method signature="testContactsEditing()[pri:0, instance:testCases.TC105_ContactEditingTest@5ddf0d24]" started-at="2024-12-19T23:08:29 IST" name="testContactsEditing" finished-at="2024-12-19T23:08:51 IST" duration-ms="22193" status="PASS">
          <reporter-output>
          </reporter-output>
        </test-method> <!-- testContactsEditing -->
        <test-method signature="TestEmptyfields()[pri:2, instance:testCases.TC105_ContactEditingTest@5ddf0d24]" started-at="2024-12-19T23:08:51 IST" name="TestEmptyfields" finished-at="2024-12-19T23:09:01 IST" duration-ms="9742" status="PASS">
          <reporter-output>
          </reporter-output>
        </test-method> <!-- TestEmptyfields -->
        <test-method is-config="true" signature="teardown()[pri:0, instance:testCases.TC105_ContactEditingTest@5ddf0d24]" started-at="2024-12-19T23:09:01 IST" name="teardown" finished-at="2024-12-19T23:09:01 IST" duration-ms="413" status="PASS">
          <reporter-output>
          </reporter-output>
        </test-method> <!-- teardown -->
      </class> <!-- testCases.TC105_ContactEditingTest -->
      <class name="testCases.TC102_LoginTest">
        <test-method is-config="true" signature="setup(java.lang.String,java.lang.String)[pri:0, instance:testCases.TC102_LoginTest@10a9d961]" started-at="2024-12-19T23:07:14 IST" name="setup" finished-at="2024-12-19T23:07:17 IST" duration-ms="2939" status="PASS">
          <params>
            <param index="0">
              <value>
                <![CDATA[Windows]]>
              </value>
            </param>
            <param index="1">
              <value>
                <![CDATA[chrome]]>
              </value>
            </param>
          </params>
          <reporter-output>
          </reporter-output>
        </test-method> <!-- setup -->
        <test-method signature="testValidLoginPage()[pri:1, instance:testCases.TC102_LoginTest@10a9d961]" started-at="2024-12-19T23:07:17 IST" name="testValidLoginPage" finished-at="2024-12-19T23:07:26 IST" duration-ms="8349" status="PASS">
          <reporter-output>
          </reporter-output>
        </test-method> <!-- testValidLoginPage -->
        <test-method signature="testInvalidLogin()[pri:2, instance:testCases.TC102_LoginTest@10a9d961]" started-at="2024-12-19T23:07:26 IST" name="testInvalidLogin" finished-at="2024-12-19T23:07:29 IST" duration-ms="3397" status="PASS">
          <reporter-output>
          </reporter-output>
        </test-method> <!-- testInvalidLogin -->
        <test-method is-config="true" signature="teardown()[pri:0, instance:testCases.TC102_LoginTest@10a9d961]" started-at="2024-12-19T23:07:29 IST" name="teardown" finished-at="2024-12-19T23:07:30 IST" duration-ms="422" status="PASS">
          <reporter-output>
          </reporter-output>
        </test-method> <!-- teardown -->
      </class> <!-- testCases.TC102_LoginTest -->
      <class name="testCases.TC104_ContactsDisplayTest">
        <test-method is-config="true" signature="setup(java.lang.String,java.lang.String)[pri:0, instance:testCases.TC104_ContactsDisplayTest@e383572]" started-at="2024-12-19T23:08:06 IST" name="setup" finished-at="2024-12-19T23:08:08 IST" duration-ms="2609" status="PASS">
          <params>
            <param index="0">
              <value>
                <![CDATA[Windows]]>
              </value>
            </param>
            <param index="1">
              <value>
                <![CDATA[chrome]]>
              </value>
            </param>
          </params>
          <reporter-output>
          </reporter-output>
        </test-method> <!-- setup -->
        <test-method signature="testContactsAlphabeticalOrder()[pri:1, instance:testCases.TC104_ContactsDisplayTest@e383572]" started-at="2024-12-19T23:08:08 IST" name="testContactsAlphabeticalOrder" finished-at="2024-12-19T23:08:22 IST" duration-ms="14231" status="PASS">
          <reporter-output>
          </reporter-output>
        </test-method> <!-- testContactsAlphabeticalOrder -->
        <test-method signature="testPhonenumberwithExtension()[pri:2, instance:testCases.TC104_ContactsDisplayTest@e383572]" started-at="2024-12-19T23:08:22 IST" name="testPhonenumberwithExtension" finished-at="2024-12-19T23:08:26 IST" duration-ms="3119" status="PASS">
          <reporter-output>
          </reporter-output>
        </test-method> <!-- testPhonenumberwithExtension -->
        <test-method is-config="true" signature="teardown()[pri:0, instance:testCases.TC104_ContactsDisplayTest@e383572]" started-at="2024-12-19T23:08:26 IST" name="teardown" finished-at="2024-12-19T23:08:26 IST" duration-ms="382" status="PASS">
          <reporter-output>
          </reporter-output>
        </test-method> <!-- teardown -->
      </class> <!-- testCases.TC104_ContactsDisplayTest -->
      <class name="testCases.TC103_ContactAdditionTest">
        <test-method is-config="true" signature="setup(java.lang.String,java.lang.String)[pri:0, instance:testCases.TC103_ContactAdditionTest@130e116b]" started-at="2024-12-19T23:07:30 IST" name="setup" finished-at="2024-12-19T23:07:33 IST" duration-ms="3158" status="PASS">
          <params>
            <param index="0">
              <value>
                <![CDATA[Windows]]>
              </value>
            </param>
            <param index="1">
              <value>
                <![CDATA[chrome]]>
              </value>
            </param>
          </params>
          <reporter-output>
          </reporter-output>
        </test-method> <!-- setup -->
        <test-method signature="testContactListMandatoryfileds()[pri:1, instance:testCases.TC103_ContactAdditionTest@130e116b]" started-at="2024-12-19T23:07:33 IST" name="testContactListMandatoryfileds" finished-at="2024-12-19T23:07:46 IST" duration-ms="12842" status="PASS">
          <reporter-output>
          </reporter-output>
        </test-method> <!-- testContactListMandatoryfileds -->
        <test-method signature="testContactListoptionalfileds()[pri:2, instance:testCases.TC103_ContactAdditionTest@130e116b]" started-at="2024-12-19T23:07:46 IST" name="testContactListoptionalfileds" finished-at="2024-12-19T23:07:53 IST" duration-ms="7743" status="PASS">
          <reporter-output>
          </reporter-output>
        </test-method> <!-- testContactListoptionalfileds -->
        <test-method signature="duplicateContactList()[pri:3, instance:testCases.TC103_ContactAdditionTest@130e116b]" started-at="2024-12-19T23:07:53 IST" name="duplicateContactList" finished-at="2024-12-19T23:08:05 IST" duration-ms="11766" status="FAIL">
          <exception class="java.lang.AssertionError">
            <message>
              <![CDATA[Expected error message for duplicate contact, but got:  expected [true] but found [false]]]>
            </message>
            <full-stacktrace>
              <![CDATA[java.lang.AssertionError: Expected error message for duplicate contact, but got:  expected [true] but found [false]
at org.testng.Assert.fail(Assert.java:111)
at org.testng.Assert.failNotEquals(Assert.java:1578)
at org.testng.Assert.assertTrue(Assert.java:57)
at testCases.TC103_ContactAdditionTest.duplicateContactList(TC103_ContactAdditionTest.java:97)
at java.base/jdk.internal.reflect.DirectMethodHandleAccessor.invoke(DirectMethodHandleAccessor.java:103)
at java.base/java.lang.reflect.Method.invoke(Method.java:580)
at org.testng.internal.invokers.MethodInvocationHelper.invokeMethod(MethodInvocationHelper.java:141)
at org.testng.internal.invokers.TestInvoker.invokeMethod(TestInvoker.java:686)
at org.testng.internal.invokers.TestInvoker.invokeTestMethod(TestInvoker.java:230)
at org.testng.internal.invokers.MethodRunner.runInSequence(MethodRunner.java:63)
at org.testng.internal.invokers.TestInvoker$MethodInvocationAgent.invoke(TestInvoker.java:992)
at org.testng.internal.invokers.TestInvoker.invokeTestMethods(TestInvoker.java:203)
at org.testng.internal.invokers.TestMethodWorker.invokeTestMethods(TestMethodWorker.java:154)
at org.testng.internal.invokers.TestMethodWorker.run(TestMethodWorker.java:134)
at java.base/java.util.ArrayList.forEach(ArrayList.java:1596)
at org.testng.TestRunner.privateRun(TestRunner.java:739)
at org.testng.TestRunner.run(TestRunner.java:614)
at org.testng.SuiteRunner.runTest(SuiteRunner.java:421)
at org.testng.SuiteRunner.runSequentially(SuiteRunner.java:413)
at org.testng.SuiteRunner.privateRun(SuiteRunner.java:373)
at org.testng.SuiteRunner.run(SuiteRunner.java:312)
at org.testng.SuiteRunnerWorker.runSuite(SuiteRunnerWorker.java:52)
at org.testng.SuiteRunnerWorker.run(SuiteRunnerWorker.java:95)
at org.testng.TestNG.runSuitesSequentially(TestNG.java:1274)
at org.testng.TestNG.runSuitesLocally(TestNG.java:1208)
at org.testng.TestNG.runSuites(TestNG.java:1112)
at org.testng.TestNG.run(TestNG.java:1079)
at org.apache.maven.surefire.testng.TestNGExecutor.run(TestNGExecutor.java:308)
at org.apache.maven.surefire.testng.TestNGXmlTestSuite.execute(TestNGXmlTestSuite.java:71)
at org.apache.maven.surefire.testng.TestNGProvider.invoke(TestNGProvider.java:113)
at org.apache.maven.surefire.booter.ForkedBooter.runSuitesInProcess(ForkedBooter.java:385)
at org.apache.maven.surefire.booter.ForkedBooter.execute(ForkedBooter.java:162)
at org.apache.maven.surefire.booter.ForkedBooter.run(ForkedBooter.java:507)
at org.apache.maven.surefire.booter.ForkedBooter.main(ForkedBooter.java:495)
]]>
            </full-stacktrace>
          </exception> <!-- java.lang.AssertionError -->
          <reporter-output>
          </reporter-output>
        </test-method> <!-- duplicateContactList -->
        <test-method is-config="true" signature="teardown()[pri:0, instance:testCases.TC103_ContactAdditionTest@130e116b]" started-at="2024-12-19T23:08:05 IST" name="teardown" finished-at="2024-12-19T23:08:06 IST" duration-ms="387" status="PASS">
          <reporter-output>
          </reporter-output>
        </test-method> <!-- teardown -->
      </class> <!-- testCases.TC103_ContactAdditionTest -->
      <class name="testCases.TC107_LogoutTest">
        <test-method is-config="true" signature="setup(java.lang.String,java.lang.String)[pri:0, instance:testCases.TC107_LogoutTest@60856961]" started-at="2024-12-19T23:09:19 IST" name="setup" finished-at="2024-12-19T23:09:22 IST" duration-ms="2943" status="PASS">
          <params>
            <param index="0">
              <value>
                <![CDATA[Windows]]>
              </value>
            </param>
            <param index="1">
              <value>
                <![CDATA[chrome]]>
              </value>
            </param>
          </params>
          <reporter-output>
          </reporter-output>
        </test-method> <!-- setup -->
        <test-method signature="testLogout()[pri:0, instance:testCases.TC107_LogoutTest@60856961]" started-at="2024-12-19T23:09:22 IST" name="testLogout" finished-at="2024-12-19T23:09:30 IST" duration-ms="8143" status="PASS">
          <reporter-output>
          </reporter-output>
        </test-method> <!-- testLogout -->
        <test-method is-config="true" signature="teardown()[pri:0, instance:testCases.TC107_LogoutTest@60856961]" started-at="2024-12-19T23:09:30 IST" name="teardown" finished-at="2024-12-19T23:09:30 IST" duration-ms="349" status="PASS">
          <reporter-output>
          </reporter-output>
        </test-method> <!-- teardown -->
      </class> <!-- testCases.TC107_LogoutTest -->
      <class name="testCases.TC106_ContactDeleteTest">
        <test-method is-config="true" signature="setup(java.lang.String,java.lang.String)[pri:0, instance:testCases.TC106_ContactDeleteTest@363a52f]" started-at="2024-12-19T23:09:01 IST" name="setup" finished-at="2024-12-19T23:09:04 IST" duration-ms="2651" status="PASS">
          <params>
            <param index="0">
              <value>
                <![CDATA[Windows]]>
              </value>
            </param>
            <param index="1">
              <value>
                <![CDATA[chrome]]>
              </value>
            </param>
          </params>
          <reporter-output>
          </reporter-output>
        </test-method> <!-- setup -->
        <test-method signature="testContactDelete()[pri:0, instance:testCases.TC106_ContactDeleteTest@363a52f]" started-at="2024-12-19T23:09:04 IST" name="testContactDelete" finished-at="2024-12-19T23:09:18 IST" duration-ms="14562" status="PASS">
          <reporter-output>
          </reporter-output>
        </test-method> <!-- testContactDelete -->
        <test-method is-config="true" signature="teardown()[pri:0, instance:testCases.TC106_ContactDeleteTest@363a52f]" started-at="2024-12-19T23:09:18 IST" name="teardown" finished-at="2024-12-19T23:09:19 IST" duration-ms="384" status="PASS">
          <reporter-output>
          </reporter-output>
        </test-method> <!-- teardown -->
      </class> <!-- testCases.TC106_ContactDeleteTest -->
    </test> <!-- Test -->
  </suite> <!-- Suite -->
</testng-results>
